
*** Running vivado
    with args -log fpga_top_wrapper.vdi -applog -m64 -product Vivado -messageDb vivado.pb -mode batch -source fpga_top_wrapper.tcl -notrace


****** Vivado v2021.2 (64-bit)
  **** SW Build 3367213 on Tue Oct 19 02:47:39 MDT 2021
  **** IP Build 3369179 on Thu Oct 21 08:25:16 MDT 2021
    ** Copyright 1986-2021 Xilinx, Inc. All Rights Reserved.

source fpga_top_wrapper.tcl -notrace
INFO: [IP_Flow 19-234] Refreshing IP repositories
INFO: [IP_Flow 19-1700] Loaded user IP repository '/home/hpark/equus/LOGIC_IP'.
INFO: [IP_Flow 19-2313] Loaded Vivado IP repository '/tools/Xilinx/Vivado/2021.2/data/ip'.
Command: link_design -top fpga_top_wrapper -part xc7z020clg484-1
Design is defaulting to srcset: sources_1
Design is defaulting to constrset: constrs_1
INFO: [Device 21-403] Loading part xc7z020clg484-1
Netlist sorting complete. Time (s): cpu = 00:00:00 ; elapsed = 00:00:00.01 . Memory (MB): peak = 2714.094 ; gain = 0.000 ; free physical = 976 ; free virtual = 28356
INFO: [Netlist 29-17] Analyzing 110 Unisim elements for replacement
INFO: [Netlist 29-28] Unisim Transformation completed in 0 CPU seconds
INFO: [Project 1-479] Netlist was created with Vivado 2021.2
INFO: [Project 1-570] Preparing netlist for logic optimization
Parsing XDC File [/home/hpark/equus/FPGA_TOP/FPGA_TOP.gen/sources_1/bd/fpga_top/ip/fpga_top_processing_system7_0_0/fpga_top_processing_system7_0_0.xdc] for cell 'fpga_top_i/processing_system7_0/inst'
WARNING: [Vivado 12-2489] -input_jitter contains time 0.899970 which will be rounded to 0.900 to ensure it is an integer multiple of 1 picosecond [/home/hpark/equus/FPGA_TOP/FPGA_TOP.gen/sources_1/bd/fpga_top/ip/fpga_top_processing_system7_0_0/fpga_top_processing_system7_0_0.xdc:21]
Finished Parsing XDC File [/home/hpark/equus/FPGA_TOP/FPGA_TOP.gen/sources_1/bd/fpga_top/ip/fpga_top_processing_system7_0_0/fpga_top_processing_system7_0_0.xdc] for cell 'fpga_top_i/processing_system7_0/inst'
Parsing XDC File [/home/hpark/equus/FPGA_TOP/FPGA_TOP.gen/sources_1/bd/fpga_top/ip/fpga_top_proc_sys_reset_0_0/fpga_top_proc_sys_reset_0_0_board.xdc] for cell 'fpga_top_i/proc_sys_reset_0/U0'
Finished Parsing XDC File [/home/hpark/equus/FPGA_TOP/FPGA_TOP.gen/sources_1/bd/fpga_top/ip/fpga_top_proc_sys_reset_0_0/fpga_top_proc_sys_reset_0_0_board.xdc] for cell 'fpga_top_i/proc_sys_reset_0/U0'
Parsing XDC File [/home/hpark/equus/FPGA_TOP/FPGA_TOP.gen/sources_1/bd/fpga_top/ip/fpga_top_proc_sys_reset_0_0/fpga_top_proc_sys_reset_0_0.xdc] for cell 'fpga_top_i/proc_sys_reset_0/U0'
Finished Parsing XDC File [/home/hpark/equus/FPGA_TOP/FPGA_TOP.gen/sources_1/bd/fpga_top/ip/fpga_top_proc_sys_reset_0_0/fpga_top_proc_sys_reset_0_0.xdc] for cell 'fpga_top_i/proc_sys_reset_0/U0'
Parsing XDC File [/home/hpark/equus/FPGA_TOP/FPGA_TOP.srcs/constrs_1/imports/new/ZSK.xdc]
Finished Parsing XDC File [/home/hpark/equus/FPGA_TOP/FPGA_TOP.srcs/constrs_1/imports/new/ZSK.xdc]
INFO: [Opt 31-138] Pushed 0 inverter(s) to 0 load pin(s).
Netlist sorting complete. Time (s): cpu = 00:00:00.01 ; elapsed = 00:00:00 . Memory (MB): peak = 2858.055 ; gain = 0.000 ; free physical = 643 ; free virtual = 28247
INFO: [Project 1-111] Unisim Transformation Summary:
  A total of 4 instances were transformed.
  IOBUF => IOBUF (IBUF, OBUFT): 4 instances

10 Infos, 1 Warnings, 0 Critical Warnings and 0 Errors encountered.
link_design completed successfully
link_design: Time (s): cpu = 00:00:07 ; elapsed = 00:00:08 . Memory (MB): peak = 2858.055 ; gain = 144.070 ; free physical = 643 ; free virtual = 28247
Command: opt_design
Attempting to get a license for feature 'Implementation' and/or device 'xc7z020'
INFO: [Common 17-349] Got license for feature 'Implementation' and/or device 'xc7z020'
Running DRC as a precondition to command opt_design

Starting DRC Task
INFO: [DRC 23-27] Running DRC with 8 threads
INFO: [Project 1-461] DRC finished with 0 Errors
INFO: [Project 1-462] Please refer to the DRC report (report_drc) for more information.

Time (s): cpu = 00:00:00.88 ; elapsed = 00:00:00.55 . Memory (MB): peak = 2858.055 ; gain = 0.000 ; free physical = 604 ; free virtual = 28237

Starting Cache Timing Information Task
INFO: [Timing 38-35] Done setting XDC timing constraints.
Ending Cache Timing Information Task | Checksum: 1a809813c

Time (s): cpu = 00:00:05 ; elapsed = 00:00:06 . Memory (MB): peak = 2860.855 ; gain = 2.801 ; free physical = 187 ; free virtual = 27848

Starting Logic Optimization Task

Phase 1 Retarget
INFO: [Opt 31-1287] Pulled Inverter fpga_top_i/LOGIC_TOP_0/inst/u_LOGIC_PROC/IO_FPGA_PIN_2_IOBUF_inst_i_1 into driver instance fpga_top_i/LOGIC_TOP_0/inst/u_LOGIC_PROC/IO_FPGA_PIN_2_IOBUF_inst_i_2, which resulted in an inversion of 1 pins
INFO: [Opt 31-1287] Pulled Inverter fpga_top_i/LOGIC_TOP_0/inst/u_LOGIC_PROC/IO_FPGA_PIN_3_IOBUF_inst_i_1 into driver instance fpga_top_i/LOGIC_TOP_0/inst/u_LOGIC_PROC/IO_FPGA_PIN_3_IOBUF_inst_i_2, which resulted in an inversion of 1 pins
INFO: [Opt 31-138] Pushed 0 inverter(s) to 0 load pin(s).
INFO: [Opt 31-49] Retargeted 0 cell(s).
Phase 1 Retarget | Checksum: 212761ca4

Time (s): cpu = 00:00:00.09 ; elapsed = 00:00:00.04 . Memory (MB): peak = 3101.902 ; gain = 0.000 ; free physical = 176 ; free virtual = 27612
INFO: [Opt 31-389] Phase Retarget created 0 cells and removed 28 cells

Phase 2 Constant propagation
INFO: [Opt 31-138] Pushed 0 inverter(s) to 0 load pin(s).
Phase 2 Constant propagation | Checksum: 212761ca4

Time (s): cpu = 00:00:00.10 ; elapsed = 00:00:00.04 . Memory (MB): peak = 3101.902 ; gain = 0.000 ; free physical = 175 ; free virtual = 27612
INFO: [Opt 31-389] Phase Constant propagation created 0 cells and removed 0 cells

Phase 3 Sweep
Phase 3 Sweep | Checksum: 150c0c1b9

Time (s): cpu = 00:00:00.16 ; elapsed = 00:00:00.11 . Memory (MB): peak = 3101.902 ; gain = 0.000 ; free physical = 172 ; free virtual = 27612
INFO: [Opt 31-389] Phase Sweep created 2 cells and removed 0 cells

Phase 4 BUFG optimization
Phase 4 BUFG optimization | Checksum: 150c0c1b9

Time (s): cpu = 00:00:00.17 ; elapsed = 00:00:00.12 . Memory (MB): peak = 3101.902 ; gain = 0.000 ; free physical = 171 ; free virtual = 27611
INFO: [Opt 31-662] Phase BUFG optimization created 0 cells of which 0 are BUFGs and removed 0 cells.

Phase 5 Shift Register Optimization
INFO: [Opt 31-1064] SRL Remap converted 0 SRLs to 0 registers and converted 0 registers of register chains to 0 SRLs
Phase 5 Shift Register Optimization | Checksum: 150c0c1b9

Time (s): cpu = 00:00:00.17 ; elapsed = 00:00:00.12 . Memory (MB): peak = 3101.902 ; gain = 0.000 ; free physical = 170 ; free virtual = 27611
INFO: [Opt 31-389] Phase Shift Register Optimization created 0 cells and removed 0 cells

Phase 6 Post Processing Netlist
Phase 6 Post Processing Netlist | Checksum: 1ef7a4f70

Time (s): cpu = 00:00:00.18 ; elapsed = 00:00:00.12 . Memory (MB): peak = 3101.902 ; gain = 0.000 ; free physical = 170 ; free virtual = 27611
INFO: [Opt 31-389] Phase Post Processing Netlist created 0 cells and removed 0 cells
Opt_design Change Summary
=========================


-------------------------------------------------------------------------------------------------------------------------
|  Phase                        |  #Cells created  |  #Cells Removed  |  #Constrained objects preventing optimizations  |
-------------------------------------------------------------------------------------------------------------------------
|  Retarget                     |               0  |              28  |                                              0  |
|  Constant propagation         |               0  |               0  |                                              0  |
|  Sweep                        |               2  |               0  |                                              0  |
|  BUFG optimization            |               0  |               0  |                                              0  |
|  Shift Register Optimization  |               0  |               0  |                                              0  |
|  Post Processing Netlist      |               0  |               0  |                                              0  |
-------------------------------------------------------------------------------------------------------------------------



Starting Connectivity Check Task

Time (s): cpu = 00:00:00.03 ; elapsed = 00:00:00.01 . Memory (MB): peak = 3101.902 ; gain = 0.000 ; free physical = 169 ; free virtual = 27611
Ending Logic Optimization Task | Checksum: cdd59545

Time (s): cpu = 00:00:00.27 ; elapsed = 00:00:00.16 . Memory (MB): peak = 3101.902 ; gain = 0.000 ; free physical = 169 ; free virtual = 27611

Starting Power Optimization Task
INFO: [Pwropt 34-132] Skipping clock gating for clocks with a period < 2.00 ns.
Ending Power Optimization Task | Checksum: cdd59545

Time (s): cpu = 00:00:00 ; elapsed = 00:00:00 . Memory (MB): peak = 3101.902 ; gain = 0.000 ; free physical = 169 ; free virtual = 27611

Starting Final Cleanup Task
Ending Final Cleanup Task | Checksum: cdd59545

Time (s): cpu = 00:00:00 ; elapsed = 00:00:00 . Memory (MB): peak = 3101.902 ; gain = 0.000 ; free physical = 169 ; free virtual = 27611

Starting Netlist Obfuscation Task
Netlist sorting complete. Time (s): cpu = 00:00:00 ; elapsed = 00:00:00 . Memory (MB): peak = 3101.902 ; gain = 0.000 ; free physical = 169 ; free virtual = 27611
Ending Netlist Obfuscation Task | Checksum: cdd59545

Time (s): cpu = 00:00:00 ; elapsed = 00:00:00 . Memory (MB): peak = 3101.902 ; gain = 0.000 ; free physical = 169 ; free virtual = 27611
INFO: [Common 17-83] Releasing license: Implementation
29 Infos, 1 Warnings, 0 Critical Warnings and 0 Errors encountered.
opt_design completed successfully
opt_design: Time (s): cpu = 00:00:08 ; elapsed = 00:00:08 . Memory (MB): peak = 3101.902 ; gain = 243.848 ; free physical = 169 ; free virtual = 27611
INFO: [Timing 38-480] Writing timing data to binary archive.
Writing placer database...
Writing XDEF routing.
Writing XDEF routing logical nets.
Writing XDEF routing special nets.
Write XDEF Complete: Time (s): cpu = 00:00:00.10 ; elapsed = 00:00:00.02 . Memory (MB): peak = 3141.922 ; gain = 0.000 ; free physical = 160 ; free virtual = 27604
INFO: [Common 17-1381] The checkpoint '/home/hpark/equus/FPGA_TOP/FPGA_TOP.runs/impl_1/fpga_top_wrapper_opt.dcp' has been generated.
INFO: [runtcl-4] Executing : report_drc -file fpga_top_wrapper_drc_opted.rpt -pb fpga_top_wrapper_drc_opted.pb -rpx fpga_top_wrapper_drc_opted.rpx
Command: report_drc -file fpga_top_wrapper_drc_opted.rpt -pb fpga_top_wrapper_drc_opted.pb -rpx fpga_top_wrapper_drc_opted.rpx
INFO: [IP_Flow 19-1839] IP Catalog is up to date.
INFO: [Timing 38-35] Done setting XDC timing constraints.
INFO: [DRC 23-27] Running DRC with 8 threads
INFO: [Vivado_Tcl 2-168] The results of DRC are in file /home/hpark/equus/FPGA_TOP/FPGA_TOP.runs/impl_1/fpga_top_wrapper_drc_opted.rpt.
report_drc completed successfully
Command: place_design
Attempting to get a license for feature 'Implementation' and/or device 'xc7z020'
INFO: [Common 17-349] Got license for feature 'Implementation' and/or device 'xc7z020'
INFO: [DRC 23-27] Running DRC with 8 threads
INFO: [Vivado_Tcl 4-198] DRC finished with 0 Errors
INFO: [Vivado_Tcl 4-199] Please refer to the DRC report (report_drc) for more information.
Running DRC as a precondition to command place_design
INFO: [DRC 23-27] Running DRC with 8 threads
INFO: [Vivado_Tcl 4-198] DRC finished with 0 Errors
INFO: [Vivado_Tcl 4-199] Please refer to the DRC report (report_drc) for more information.

Starting Placer Task
INFO: [Place 30-611] Multithreading enabled for place_design using a maximum of 8 CPUs

Phase 1 Placer Initialization

Phase 1.1 Placer Initialization Netlist Sorting
Netlist sorting complete. Time (s): cpu = 00:00:00 ; elapsed = 00:00:00 . Memory (MB): peak = 3293.457 ; gain = 0.000 ; free physical = 183 ; free virtual = 27559
Phase 1.1 Placer Initialization Netlist Sorting | Checksum: 78a0cef9

Time (s): cpu = 00:00:00.01 ; elapsed = 00:00:00.03 . Memory (MB): peak = 3293.457 ; gain = 0.000 ; free physical = 183 ; free virtual = 27559
Netlist sorting complete. Time (s): cpu = 00:00:00 ; elapsed = 00:00:00 . Memory (MB): peak = 3293.457 ; gain = 0.000 ; free physical = 183 ; free virtual = 27559

Phase 1.2 IO Placement/ Clock Placement/ Build Placer Device
Phase 1.2 IO Placement/ Clock Placement/ Build Placer Device | Checksum: 166a7dc66

Time (s): cpu = 00:00:00.49 ; elapsed = 00:00:00.29 . Memory (MB): peak = 3293.457 ; gain = 0.000 ; free physical = 199 ; free virtual = 27577

Phase 1.3 Build Placer Netlist Model
Phase 1.3 Build Placer Netlist Model | Checksum: 1d40aad72

Time (s): cpu = 00:00:00.79 ; elapsed = 00:00:00.41 . Memory (MB): peak = 3293.457 ; gain = 0.000 ; free physical = 208 ; free virtual = 27586

Phase 1.4 Constrain Clocks/Macros
Phase 1.4 Constrain Clocks/Macros | Checksum: 1d40aad72

Time (s): cpu = 00:00:00.80 ; elapsed = 00:00:00.42 . Memory (MB): peak = 3293.457 ; gain = 0.000 ; free physical = 208 ; free virtual = 27586
Phase 1 Placer Initialization | Checksum: 1d40aad72

Time (s): cpu = 00:00:00.80 ; elapsed = 00:00:00.42 . Memory (MB): peak = 3293.457 ; gain = 0.000 ; free physical = 208 ; free virtual = 27586

Phase 2 Global Placement

Phase 2.1 Floorplanning
Phase 2.1 Floorplanning | Checksum: 18671eca4

Time (s): cpu = 00:00:01 ; elapsed = 00:00:00.50 . Memory (MB): peak = 3293.457 ; gain = 0.000 ; free physical = 200 ; free virtual = 27578

Phase 2.2 Update Timing before SLR Path Opt
Phase 2.2 Update Timing before SLR Path Opt | Checksum: 1fd01b01b

Time (s): cpu = 00:00:01 ; elapsed = 00:00:00.53 . Memory (MB): peak = 3293.457 ; gain = 0.000 ; free physical = 204 ; free virtual = 27582

Phase 2.3 Post-Processing in Floorplanning
Phase 2.3 Post-Processing in Floorplanning | Checksum: 1fd01b01b

Time (s): cpu = 00:00:01 ; elapsed = 00:00:00.53 . Memory (MB): peak = 3293.457 ; gain = 0.000 ; free physical = 204 ; free virtual = 27582

Phase 2.4 Global Placement Core

Phase 2.4.1 Physical Synthesis In Placer
INFO: [Physopt 32-1035] Found 0 LUTNM shape to break, 2 LUT instances to create LUTNM shape
INFO: [Physopt 32-1044] Break lutnm for timing: one critical 0, two critical 0, total 0, new lutff created 0
INFO: [Physopt 32-1138] End 1 Pass. Optimized 1 net or LUT. Breaked 0 LUT, combined 1 existing LUT and moved 0 existing LUT
INFO: [Physopt 32-65] No nets found for high-fanout optimization.
INFO: [Physopt 32-232] Optimized 0 net. Created 0 new instance.
INFO: [Physopt 32-775] End 1 Pass. Optimized 0 net or cell. Created 0 new cell, deleted 0 existing cell and moved 0 existing cell
INFO: [Physopt 32-670] No setup violation found.  DSP Register Optimization was not performed.
INFO: [Physopt 32-670] No setup violation found.  Shift Register to Pipeline Optimization was not performed.
INFO: [Physopt 32-670] No setup violation found.  Shift Register Optimization was not performed.
INFO: [Physopt 32-670] No setup violation found.  BRAM Register Optimization was not performed.
INFO: [Physopt 32-670] No setup violation found.  URAM Register Optimization was not performed.
INFO: [Physopt 32-949] No candidate nets found for dynamic/static region interface net replication
INFO: [Physopt 32-775] End 1 Pass. Optimized 0 net or cell. Created 0 new cell, deleted 0 existing cell and moved 0 existing cell
Netlist sorting complete. Time (s): cpu = 00:00:00 ; elapsed = 00:00:00 . Memory (MB): peak = 3293.457 ; gain = 0.000 ; free physical = 168 ; free virtual = 27558

Summary of Physical Synthesis Optimizations
============================================


-----------------------------------------------------------------------------------------------------------------------------------------------------------
|  Optimization                                     |  Added Cells  |  Removed Cells  |  Optimized Cells/Nets  |  Dont Touch  |  Iterations  |  Elapsed   |
-----------------------------------------------------------------------------------------------------------------------------------------------------------
|  LUT Combining                                    |            0  |              1  |                     1  |           0  |           1  |  00:00:00  |
|  Retime                                           |            0  |              0  |                     0  |           0  |           1  |  00:00:00  |
|  Very High Fanout                                 |            0  |              0  |                     0  |           0  |           1  |  00:00:00  |
|  DSP Register                                     |            0  |              0  |                     0  |           0  |           0  |  00:00:00  |
|  Shift Register to Pipeline                       |            0  |              0  |                     0  |           0  |           0  |  00:00:00  |
|  Shift Register                                   |            0  |              0  |                     0  |           0  |           0  |  00:00:00  |
|  BRAM Register                                    |            0  |              0  |                     0  |           0  |           0  |  00:00:00  |
|  URAM Register                                    |            0  |              0  |                     0  |           0  |           0  |  00:00:00  |
|  Dynamic/Static Region Interface Net Replication  |            0  |              0  |                     0  |           0  |           1  |  00:00:00  |
|  Total                                            |            0  |              1  |                     1  |           0  |           4  |  00:00:00  |
-----------------------------------------------------------------------------------------------------------------------------------------------------------


Phase 2.4.1 Physical Synthesis In Placer | Checksum: 17313043d

Time (s): cpu = 00:00:08 ; elapsed = 00:00:02 . Memory (MB): peak = 3293.457 ; gain = 0.000 ; free physical = 168 ; free virtual = 27559
Phase 2.4 Global Placement Core | Checksum: 12c04a7c9

Time (s): cpu = 00:00:08 ; elapsed = 00:00:02 . Memory (MB): peak = 3293.457 ; gain = 0.000 ; free physical = 167 ; free virtual = 27558
Phase 2 Global Placement | Checksum: 12c04a7c9

Time (s): cpu = 00:00:08 ; elapsed = 00:00:02 . Memory (MB): peak = 3293.457 ; gain = 0.000 ; free physical = 167 ; free virtual = 27558

Phase 3 Detail Placement

Phase 3.1 Commit Multi Column Macros
Phase 3.1 Commit Multi Column Macros | Checksum: 1e902266c

Time (s): cpu = 00:00:08 ; elapsed = 00:00:02 . Memory (MB): peak = 3293.457 ; gain = 0.000 ; free physical = 167 ; free virtual = 27558

Phase 3.2 Commit Most Macros & LUTRAMs
Phase 3.2 Commit Most Macros & LUTRAMs | Checksum: f1e07955

Time (s): cpu = 00:00:08 ; elapsed = 00:00:02 . Memory (MB): peak = 3293.457 ; gain = 0.000 ; free physical = 165 ; free virtual = 27556

Phase 3.3 Area Swap Optimization
Phase 3.3 Area Swap Optimization | Checksum: 14cd452b8

Time (s): cpu = 00:00:08 ; elapsed = 00:00:02 . Memory (MB): peak = 3293.457 ; gain = 0.000 ; free physical = 163 ; free virtual = 27556

Phase 3.4 Pipeline Register Optimization
Phase 3.4 Pipeline Register Optimization | Checksum: 18da96ff2

Time (s): cpu = 00:00:08 ; elapsed = 00:00:02 . Memory (MB): peak = 3293.457 ; gain = 0.000 ; free physical = 163 ; free virtual = 27556

Phase 3.5 Small Shape Detail Placement
Phase 3.5 Small Shape Detail Placement | Checksum: 181063ed7

Time (s): cpu = 00:00:09 ; elapsed = 00:00:02 . Memory (MB): peak = 3293.457 ; gain = 0.000 ; free physical = 154 ; free virtual = 27554

Phase 3.6 Re-assign LUT pins
Phase 3.6 Re-assign LUT pins | Checksum: 11ee4bf96

Time (s): cpu = 00:00:09 ; elapsed = 00:00:02 . Memory (MB): peak = 3293.457 ; gain = 0.000 ; free physical = 154 ; free virtual = 27554

Phase 3.7 Pipeline Register Optimization
Phase 3.7 Pipeline Register Optimization | Checksum: de199ae0

Time (s): cpu = 00:00:09 ; elapsed = 00:00:02 . Memory (MB): peak = 3293.457 ; gain = 0.000 ; free physical = 154 ; free virtual = 27554
Phase 3 Detail Placement | Checksum: de199ae0

Time (s): cpu = 00:00:09 ; elapsed = 00:00:02 . Memory (MB): peak = 3293.457 ; gain = 0.000 ; free physical = 154 ; free virtual = 27554

Phase 4 Post Placement Optimization and Clean-Up

Phase 4.1 Post Commit Optimization
INFO: [Timing 38-35] Done setting XDC timing constraints.

Phase 4.1.1 Post Placement Optimization
Post Placement Optimization Initialization | Checksum: 71dd6933

Phase 4.1.1.1 BUFG Insertion

Starting Physical Synthesis Task

Phase 1 Physical Synthesis Initialization
INFO: [Physopt 32-721] Multithreading enabled for phys_opt_design using a maximum of 8 CPUs
INFO: [Physopt 32-619] Estimated Timing Summary | WNS=8.561 | TNS=0.000 |
Phase 1 Physical Synthesis Initialization | Checksum: c4627b7e

Time (s): cpu = 00:00:00.04 ; elapsed = 00:00:00.01 . Memory (MB): peak = 3293.457 ; gain = 0.000 ; free physical = 152 ; free virtual = 27555
INFO: [Place 46-56] BUFG insertion identified 0 candidate nets. Inserted BUFG: 0, Replicated BUFG Driver: 0, Skipped due to Placement/Routing Conflicts: 0, Skipped due to Timing Degradation: 0, Skipped due to Illegal Netlist: 0.
Ending Physical Synthesis Task | Checksum: b8a4d3aa

Time (s): cpu = 00:00:00.04 ; elapsed = 00:00:00.01 . Memory (MB): peak = 3293.457 ; gain = 0.000 ; free physical = 152 ; free virtual = 27555
Phase 4.1.1.1 BUFG Insertion | Checksum: 71dd6933

Time (s): cpu = 00:00:09 ; elapsed = 00:00:03 . Memory (MB): peak = 3293.457 ; gain = 0.000 ; free physical = 152 ; free virtual = 27555

Phase 4.1.1.2 Post Placement Timing Optimization
INFO: [Place 30-746] Post Placement Timing Summary WNS=8.561. For the most accurate timing information please run report_timing.
Phase 4.1.1.2 Post Placement Timing Optimization | Checksum: 13b1b2e00

Time (s): cpu = 00:00:09 ; elapsed = 00:00:03 . Memory (MB): peak = 3293.457 ; gain = 0.000 ; free physical = 151 ; free virtual = 27555

Time (s): cpu = 00:00:09 ; elapsed = 00:00:03 . Memory (MB): peak = 3293.457 ; gain = 0.000 ; free physical = 151 ; free virtual = 27555
Phase 4.1 Post Commit Optimization | Checksum: 13b1b2e00

Time (s): cpu = 00:00:09 ; elapsed = 00:00:03 . Memory (MB): peak = 3293.457 ; gain = 0.000 ; free physical = 151 ; free virtual = 27555

Phase 4.2 Post Placement Cleanup
Phase 4.2 Post Placement Cleanup | Checksum: 13b1b2e00

Time (s): cpu = 00:00:09 ; elapsed = 00:00:03 . Memory (MB): peak = 3293.457 ; gain = 0.000 ; free physical = 149 ; free virtual = 27554

Phase 4.3 Placer Reporting

Phase 4.3.1 Print Estimated Congestion
INFO: [Place 30-612] Post-Placement Estimated Congestion 
 ____________________________________________________
|           | Global Congestion | Short Congestion  |
| Direction | Region Size       | Region Size       |
|___________|___________________|___________________|
|      North|                1x1|                1x1|
|___________|___________________|___________________|
|      South|                1x1|                1x1|
|___________|___________________|___________________|
|       East|                1x1|                1x1|
|___________|___________________|___________________|
|       West|                1x1|                1x1|
|___________|___________________|___________________|

Phase 4.3.1 Print Estimated Congestion | Checksum: 13b1b2e00

Time (s): cpu = 00:00:09 ; elapsed = 00:00:03 . Memory (MB): peak = 3293.457 ; gain = 0.000 ; free physical = 149 ; free virtual = 27554
Phase 4.3 Placer Reporting | Checksum: 13b1b2e00

Time (s): cpu = 00:00:09 ; elapsed = 00:00:03 . Memory (MB): peak = 3293.457 ; gain = 0.000 ; free physical = 149 ; free virtual = 27554

Phase 4.4 Final Placement Cleanup
Netlist sorting complete. Time (s): cpu = 00:00:00 ; elapsed = 00:00:00 . Memory (MB): peak = 3293.457 ; gain = 0.000 ; free physical = 149 ; free virtual = 27554

Time (s): cpu = 00:00:09 ; elapsed = 00:00:03 . Memory (MB): peak = 3293.457 ; gain = 0.000 ; free physical = 149 ; free virtual = 27554
Phase 4 Post Placement Optimization and Clean-Up | Checksum: 18b042a82

Time (s): cpu = 00:00:09 ; elapsed = 00:00:03 . Memory (MB): peak = 3293.457 ; gain = 0.000 ; free physical = 148 ; free virtual = 27555
Ending Placer Task | Checksum: b35909e0

Time (s): cpu = 00:00:09 ; elapsed = 00:00:03 . Memory (MB): peak = 3293.457 ; gain = 0.000 ; free physical = 145 ; free virtual = 27554
INFO: [Common 17-83] Releasing license: Implementation
64 Infos, 1 Warnings, 0 Critical Warnings and 0 Errors encountered.
place_design completed successfully
INFO: [Timing 38-480] Writing timing data to binary archive.
Writing placer database...
Writing XDEF routing.
Writing XDEF routing logical nets.
Writing XDEF routing special nets.
Write XDEF Complete: Time (s): cpu = 00:00:00.21 ; elapsed = 00:00:00.05 . Memory (MB): peak = 3293.457 ; gain = 0.000 ; free physical = 170 ; free virtual = 27577
INFO: [Common 17-1381] The checkpoint '/home/hpark/equus/FPGA_TOP/FPGA_TOP.runs/impl_1/fpga_top_wrapper_placed.dcp' has been generated.
INFO: [runtcl-4] Executing : report_io -file fpga_top_wrapper_io_placed.rpt
report_io: Time (s): cpu = 00:00:00.12 ; elapsed = 00:00:00.20 . Memory (MB): peak = 3293.457 ; gain = 0.000 ; free physical = 162 ; free virtual = 27562
INFO: [runtcl-4] Executing : report_utilization -file fpga_top_wrapper_utilization_placed.rpt -pb fpga_top_wrapper_utilization_placed.pb
INFO: [runtcl-4] Executing : report_control_sets -verbose -file fpga_top_wrapper_control_sets_placed.rpt
report_control_sets: Time (s): cpu = 00:00:00.05 ; elapsed = 00:00:00.09 . Memory (MB): peak = 3293.457 ; gain = 0.000 ; free physical = 168 ; free virtual = 27572
Command: phys_opt_design
Attempting to get a license for feature 'Implementation' and/or device 'xc7z020'
INFO: [Common 17-349] Got license for feature 'Implementation' and/or device 'xc7z020'
INFO: [Vivado_Tcl 4-383] Design worst setup slack (WNS) is greater than or equal to 0.000 ns. Skipping all physical synthesis optimizations.
INFO: [Vivado_Tcl 4-232] No setup violation found. The netlist was not modified.
INFO: [Common 17-83] Releasing license: Implementation
73 Infos, 1 Warnings, 0 Critical Warnings and 0 Errors encountered.
phys_opt_design completed successfully
INFO: [Timing 38-480] Writing timing data to binary archive.
Writing placer database...
Writing XDEF routing.
Writing XDEF routing logical nets.
Writing XDEF routing special nets.
Write XDEF Complete: Time (s): cpu = 00:00:00.21 ; elapsed = 00:00:00.06 . Memory (MB): peak = 3293.457 ; gain = 0.000 ; free physical = 151 ; free virtual = 27553
INFO: [Common 17-1381] The checkpoint '/home/hpark/equus/FPGA_TOP/FPGA_TOP.runs/impl_1/fpga_top_wrapper_physopt.dcp' has been generated.
Command: route_design
Attempting to get a license for feature 'Implementation' and/or device 'xc7z020'
INFO: [Common 17-349] Got license for feature 'Implementation' and/or device 'xc7z020'
Running DRC as a precondition to command route_design
INFO: [DRC 23-27] Running DRC with 8 threads
INFO: [Vivado_Tcl 4-198] DRC finished with 0 Errors
INFO: [Vivado_Tcl 4-199] Please refer to the DRC report (report_drc) for more information.


Starting Routing Task
INFO: [Route 35-254] Multithreading enabled for route_design using a maximum of 8 CPUs

Phase 1 Build RT Design
Checksum: PlaceDB: 2afb401 ConstDB: 0 ShapeSum: b0a955df RouteDB: 0
Post Restoration Checksum: NetGraph: 709d7fbc NumContArr: 3a30f254 Constraints: 0 Timing: 0
Phase 1 Build RT Design | Checksum: aace7210

Time (s): cpu = 00:00:18 ; elapsed = 00:00:15 . Memory (MB): peak = 3298.289 ; gain = 4.832 ; free physical = 153 ; free virtual = 27429

Phase 2 Router Initialization

Phase 2.1 Create Timer
Phase 2.1 Create Timer | Checksum: aace7210

Time (s): cpu = 00:00:18 ; elapsed = 00:00:15 . Memory (MB): peak = 3298.289 ; gain = 4.832 ; free physical = 155 ; free virtual = 27431

Phase 2.2 Fix Topology Constraints
Phase 2.2 Fix Topology Constraints | Checksum: aace7210

Time (s): cpu = 00:00:18 ; elapsed = 00:00:15 . Memory (MB): peak = 3322.285 ; gain = 28.828 ; free physical = 158 ; free virtual = 27398

Phase 2.3 Pre Route Cleanup
Phase 2.3 Pre Route Cleanup | Checksum: aace7210

Time (s): cpu = 00:00:18 ; elapsed = 00:00:15 . Memory (MB): peak = 3322.285 ; gain = 28.828 ; free physical = 158 ; free virtual = 27398
 Number of Nodes with overlaps = 0

Phase 2.4 Update Timing
Phase 2.4 Update Timing | Checksum: 248aaf1b6

Time (s): cpu = 00:00:18 ; elapsed = 00:00:15 . Memory (MB): peak = 3339.168 ; gain = 45.711 ; free physical = 166 ; free virtual = 27391
INFO: [Route 35-416] Intermediate Timing Summary | WNS=8.568  | TNS=0.000  | WHS=-0.094 | THS=-1.336 |


Router Utilization Summary
  Global Vertical Routing Utilization    = 0 %
  Global Horizontal Routing Utilization  = 0 %
  Routable Net Status*
  *Does not include unroutable nets such as driverless and loadless.
  Run report_route_status for detailed report.
  Number of Failed Nets               = 588
    (Failed Nets is the sum of unrouted and partially routed nets)
  Number of Unrouted Nets             = 588
  Number of Partially Routed Nets     = 0
  Number of Node Overlaps             = 0

Phase 2 Router Initialization | Checksum: 22033ebaa

Time (s): cpu = 00:00:18 ; elapsed = 00:00:15 . Memory (MB): peak = 3344.574 ; gain = 51.117 ; free physical = 172 ; free virtual = 27386

Phase 3 Initial Routing

Phase 3.1 Global Routing
Phase 3.1 Global Routing | Checksum: 22033ebaa

Time (s): cpu = 00:00:18 ; elapsed = 00:00:15 . Memory (MB): peak = 3344.574 ; gain = 51.117 ; free physical = 171 ; free virtual = 27386
Phase 3 Initial Routing | Checksum: 137d4c598

Time (s): cpu = 00:00:19 ; elapsed = 00:00:15 . Memory (MB): peak = 3376.590 ; gain = 83.133 ; free physical = 168 ; free virtual = 27384

Phase 4 Rip-up And Reroute

Phase 4.1 Global Iteration 0
 Number of Nodes with overlaps = 44
 Number of Nodes with overlaps = 0
INFO: [Route 35-416] Intermediate Timing Summary | WNS=8.231  | TNS=0.000  | WHS=N/A    | THS=N/A    |

Phase 4.1 Global Iteration 0 | Checksum: fb755451

Time (s): cpu = 00:00:19 ; elapsed = 00:00:16 . Memory (MB): peak = 3376.590 ; gain = 83.133 ; free physical = 161 ; free virtual = 27385

Phase 4.2 Global Iteration 1
 Number of Nodes with overlaps = 2
 Number of Nodes with overlaps = 0
INFO: [Route 35-416] Intermediate Timing Summary | WNS=8.231  | TNS=0.000  | WHS=N/A    | THS=N/A    |

Phase 4.2 Global Iteration 1 | Checksum: 281b81df4

Time (s): cpu = 00:00:19 ; elapsed = 00:00:16 . Memory (MB): peak = 3376.590 ; gain = 83.133 ; free physical = 153 ; free virtual = 27385
Phase 4 Rip-up And Reroute | Checksum: 281b81df4

Time (s): cpu = 00:00:19 ; elapsed = 00:00:16 . Memory (MB): peak = 3376.590 ; gain = 83.133 ; free physical = 152 ; free virtual = 27386

Phase 5 Delay and Skew Optimization

Phase 5.1 Delay CleanUp
Phase 5.1 Delay CleanUp | Checksum: 281b81df4

Time (s): cpu = 00:00:19 ; elapsed = 00:00:16 . Memory (MB): peak = 3376.590 ; gain = 83.133 ; free physical = 150 ; free virtual = 27386

Phase 5.2 Clock Skew Optimization
Phase 5.2 Clock Skew Optimization | Checksum: 281b81df4

Time (s): cpu = 00:00:19 ; elapsed = 00:00:16 . Memory (MB): peak = 3376.590 ; gain = 83.133 ; free physical = 149 ; free virtual = 27386
Phase 5 Delay and Skew Optimization | Checksum: 281b81df4

Time (s): cpu = 00:00:19 ; elapsed = 00:00:16 . Memory (MB): peak = 3376.590 ; gain = 83.133 ; free physical = 148 ; free virtual = 27386

Phase 6 Post Hold Fix

Phase 6.1 Hold Fix Iter

Phase 6.1.1 Update Timing
Phase 6.1.1 Update Timing | Checksum: 236d6f872

Time (s): cpu = 00:00:19 ; elapsed = 00:00:16 . Memory (MB): peak = 3376.590 ; gain = 83.133 ; free physical = 167 ; free virtual = 27386
INFO: [Route 35-416] Intermediate Timing Summary | WNS=8.346  | TNS=0.000  | WHS=0.146  | THS=0.000  |

Phase 6.1 Hold Fix Iter | Checksum: 257bf664e

Time (s): cpu = 00:00:19 ; elapsed = 00:00:16 . Memory (MB): peak = 3376.590 ; gain = 83.133 ; free physical = 164 ; free virtual = 27385
Phase 6 Post Hold Fix | Checksum: 257bf664e

Time (s): cpu = 00:00:19 ; elapsed = 00:00:16 . Memory (MB): peak = 3376.590 ; gain = 83.133 ; free physical = 163 ; free virtual = 27385

Phase 7 Route finalize

Router Utilization Summary
  Global Vertical Routing Utilization    = 0.0704152 %
  Global Horizontal Routing Utilization  = 0.0758959 %
  Routable Net Status*
  *Does not include unroutable nets such as driverless and loadless.
  Run report_route_status for detailed report.
  Number of Failed Nets               = 0
    (Failed Nets is the sum of unrouted and partially routed nets)
  Number of Unrouted Nets             = 0
  Number of Partially Routed Nets     = 0
  Number of Node Overlaps             = 0

Phase 7 Route finalize | Checksum: 1e77cc091

Time (s): cpu = 00:00:19 ; elapsed = 00:00:16 . Memory (MB): peak = 3376.590 ; gain = 83.133 ; free physical = 162 ; free virtual = 27386

Phase 8 Verifying routed nets

 Verification completed successfully
Phase 8 Verifying routed nets | Checksum: 1e77cc091

Time (s): cpu = 00:00:19 ; elapsed = 00:00:16 . Memory (MB): peak = 3376.590 ; gain = 83.133 ; free physical = 153 ; free virtual = 27384

Phase 9 Depositing Routes
Phase 9 Depositing Routes | Checksum: 163642fc4

Time (s): cpu = 00:00:19 ; elapsed = 00:00:16 . Memory (MB): peak = 3424.613 ; gain = 131.156 ; free physical = 159 ; free virtual = 27386

Phase 10 Post Router Timing
INFO: [Route 35-57] Estimated Timing Summary | WNS=8.346  | TNS=0.000  | WHS=0.146  | THS=0.000  |

INFO: [Route 35-327] The final timing numbers are based on the router estimated timing analysis. For a complete and accurate timing signoff, please run report_timing_summary.
Phase 10 Post Router Timing | Checksum: 163642fc4

Time (s): cpu = 00:00:19 ; elapsed = 00:00:16 . Memory (MB): peak = 3424.613 ; gain = 131.156 ; free physical = 145 ; free virtual = 27387
INFO: [Route 35-16] Router Completed Successfully

Time (s): cpu = 00:00:20 ; elapsed = 00:00:16 . Memory (MB): peak = 3424.613 ; gain = 131.156 ; free physical = 188 ; free virtual = 27425

Routing Is Done.
INFO: [Common 17-83] Releasing license: Implementation
88 Infos, 1 Warnings, 0 Critical Warnings and 0 Errors encountered.
route_design completed successfully
route_design: Time (s): cpu = 00:00:21 ; elapsed = 00:00:16 . Memory (MB): peak = 3424.613 ; gain = 131.156 ; free physical = 187 ; free virtual = 27425
INFO: [Timing 38-480] Writing timing data to binary archive.
Writing placer database...
Writing XDEF routing.
Writing XDEF routing logical nets.
Writing XDEF routing special nets.
Write XDEF Complete: Time (s): cpu = 00:00:00.28 ; elapsed = 00:00:00.09 . Memory (MB): peak = 3424.613 ; gain = 0.000 ; free physical = 160 ; free virtual = 27419
INFO: [Common 17-1381] The checkpoint '/home/hpark/equus/FPGA_TOP/FPGA_TOP.runs/impl_1/fpga_top_wrapper_routed.dcp' has been generated.
INFO: [runtcl-4] Executing : report_drc -file fpga_top_wrapper_drc_routed.rpt -pb fpga_top_wrapper_drc_routed.pb -rpx fpga_top_wrapper_drc_routed.rpx
Command: report_drc -file fpga_top_wrapper_drc_routed.rpt -pb fpga_top_wrapper_drc_routed.pb -rpx fpga_top_wrapper_drc_routed.rpx
INFO: [IP_Flow 19-1839] IP Catalog is up to date.
INFO: [DRC 23-27] Running DRC with 8 threads
INFO: [Vivado_Tcl 2-168] The results of DRC are in file /home/hpark/equus/FPGA_TOP/FPGA_TOP.runs/impl_1/fpga_top_wrapper_drc_routed.rpt.
report_drc completed successfully
INFO: [runtcl-4] Executing : report_methodology -file fpga_top_wrapper_methodology_drc_routed.rpt -pb fpga_top_wrapper_methodology_drc_routed.pb -rpx fpga_top_wrapper_methodology_drc_routed.rpx
Command: report_methodology -file fpga_top_wrapper_methodology_drc_routed.rpt -pb fpga_top_wrapper_methodology_drc_routed.pb -rpx fpga_top_wrapper_methodology_drc_routed.rpx
INFO: [Timing 38-35] Done setting XDC timing constraints.
INFO: [DRC 23-133] Running Methodology with 8 threads
INFO: [Vivado_Tcl 2-1520] The results of Report Methodology are in file /home/hpark/equus/FPGA_TOP/FPGA_TOP.runs/impl_1/fpga_top_wrapper_methodology_drc_routed.rpt.
report_methodology completed successfully
INFO: [runtcl-4] Executing : report_power -file fpga_top_wrapper_power_routed.rpt -pb fpga_top_wrapper_power_summary_routed.pb -rpx fpga_top_wrapper_power_routed.rpx
Command: report_power -file fpga_top_wrapper_power_routed.rpt -pb fpga_top_wrapper_power_summary_routed.pb -rpx fpga_top_wrapper_power_routed.rpx
INFO: [Timing 38-35] Done setting XDC timing constraints.
Running Vector-less Activity Propagation...

Finished Running Vector-less Activity Propagation
100 Infos, 1 Warnings, 0 Critical Warnings and 0 Errors encountered.
report_power completed successfully
INFO: [runtcl-4] Executing : report_route_status -file fpga_top_wrapper_route_status.rpt -pb fpga_top_wrapper_route_status.pb
INFO: [runtcl-4] Executing : report_timing_summary -max_paths 10 -report_unconstrained -file fpga_top_wrapper_timing_summary_routed.rpt -pb fpga_top_wrapper_timing_summary_routed.pb -rpx fpga_top_wrapper_timing_summary_routed.rpx -warn_on_violation 
INFO: [Timing 38-91] UpdateTimingParams: Speed grade: -1, Delay Type: min_max.
INFO: [Timing 38-191] Multithreading enabled for timing update using a maximum of 8 CPUs
INFO: [runtcl-4] Executing : report_incremental_reuse -file fpga_top_wrapper_incremental_reuse_routed.rpt
INFO: [Vivado_Tcl 4-1062] Incremental flow is disabled. No incremental reuse Info to report.
INFO: [runtcl-4] Executing : report_clock_utilization -file fpga_top_wrapper_clock_utilization_routed.rpt
INFO: [runtcl-4] Executing : report_bus_skew -warn_on_violation -file fpga_top_wrapper_bus_skew_routed.rpt -pb fpga_top_wrapper_bus_skew_routed.pb -rpx fpga_top_wrapper_bus_skew_routed.rpx
INFO: [Timing 38-91] UpdateTimingParams: Speed grade: -1, Delay Type: min_max.
INFO: [Timing 38-191] Multithreading enabled for timing update using a maximum of 8 CPUs
Command: write_bitstream -force fpga_top_wrapper.bit
Attempting to get a license for feature 'Implementation' and/or device 'xc7z020'
INFO: [Common 17-349] Got license for feature 'Implementation' and/or device 'xc7z020'
Running DRC as a precondition to command write_bitstream
INFO: [IP_Flow 19-1839] IP Catalog is up to date.
INFO: [DRC 23-27] Running DRC with 8 threads
INFO: [Vivado 12-3199] DRC finished with 0 Errors
INFO: [Vivado 12-3200] Please refer to the DRC report (report_drc) for more information.
INFO: [Designutils 20-2272] Running write_bitstream with 8 threads.
Loading data files...
Loading site data...
Loading route data...
Processing options...
Creating bitmap...
Creating bitstream...
Writing bitstream ./fpga_top_wrapper.bit...
INFO: [Vivado 12-1842] Bitgen Completed Successfully.
INFO: [Common 17-83] Releasing license: Implementation
11 Infos, 0 Warnings, 0 Critical Warnings and 0 Errors encountered.
write_bitstream completed successfully
write_bitstream: Time (s): cpu = 00:00:08 ; elapsed = 00:00:09 . Memory (MB): peak = 3690.359 ; gain = 232.043 ; free physical = 490 ; free virtual = 27410
INFO: [Common 17-206] Exiting Vivado at Mon Jul 18 16:16:38 2022...
